<?xml version="1.0" encoding="UTF-8"?>
<testsuite name="no.brg.hvl.dat250.lab01.Lab01ApplicationTests" tests="1" skipped="0" failures="0" errors="0" timestamp="2024-08-28T08:30:53" hostname="Vojtech-MacBook-Pro-3.local" time="1.318">
  <properties/>
  <testcase name="contextLoads()" classname="no.brg.hvl.dat250.lab01.Lab01ApplicationTests" time="1.318"/>
  <system-out><![CDATA[10:30:50.830 [Test worker] INFO org.springframework.test.context.support.AnnotationConfigContextLoaderUtils -- Could not detect default configuration classes for test class [no.brg.hvl.dat250.lab01.Lab01ApplicationTests]: Lab01ApplicationTests does not declare any static, non-private, non-final, nested classes annotated with @Configuration.
10:30:51.089 [Test worker] INFO org.springframework.boot.test.context.SpringBootTestContextBootstrapper -- Found @SpringBootConfiguration no.brg.hvl.dat250.lab01.Lab01Application for test class no.brg.hvl.dat250.lab01.Lab01ApplicationTests

  .   ____          _            __ _ _
 /\\ / ___'_ __ _ _(_)_ __  __ _ \ \ \ \
( ( )\___ | '_ | '_| | '_ \/ _` | \ \ \ \
 \\/  ___)| |_)| | | | | || (_| |  ) ) ) )
  '  |____| .__|_| |_|_| |_\__, | / / / /
 =========|_|==============|___/=/_/_/_/

 :: Spring Boot ::                (v3.3.3)

2024-08-28T10:30:51.740+02:00  INFO 9569 --- [lab01] [    Test worker] n.b.h.d.lab01.Lab01ApplicationTests      : Starting Lab01ApplicationTests using Java 21.0.4 with PID 9569 (started by vojtechlunak in /Users/vojtechlunak/Projects/hvl/dat250)
2024-08-28T10:30:51.742+02:00  INFO 9569 --- [lab01] [    Test worker] n.b.h.d.lab01.Lab01ApplicationTests      : No active profile set, falling back to 1 default profile: "default"
2024-08-28T10:30:53.300+02:00  INFO 9569 --- [lab01] [    Test worker] n.b.h.d.lab01.Lab01ApplicationTests      : Started Lab01ApplicationTests in 1.936 seconds (process running for 3.909)
]]></system-out>
  <system-err><![CDATA[WARNING: A Java agent has been loaded dynamically (/Users/vojtechlunak/.gradle/caches/modules-2/files-2.1/net.bytebuddy/byte-buddy-agent/1.14.19/154da3a65b4f4a909d3e5bdec55d1b2b4cbb6ce1/byte-buddy-agent-1.14.19.jar)
WARNING: If a serviceability tool is in use, please run with -XX:+EnableDynamicAgentLoading to hide this warning
WARNING: If a serviceability tool is not in use, please run with -Djdk.instrument.traceUsage for more information
WARNING: Dynamic loading of agents will be disallowed by default in a future release
]]></system-err>
</testsuite>
