<?xml version="1.0" encoding="UTF-8"?>
<testsuite name="no.brg.hvl.dat250.lab02.Lab02ApplicationTests" tests="9" skipped="0" failures="0" errors="0" timestamp="2024-09-15T13:23:04" hostname="Vojtech-MacBook-Pro-3.local" time="2.228">
  <properties/>
  <testcase name="testCreateVoteOption()" classname="no.brg.hvl.dat250.lab02.Lab02ApplicationTests" time="2.159"/>
  <testcase name="testGetUsers()" classname="no.brg.hvl.dat250.lab02.Lab02ApplicationTests" time="0.008"/>
  <testcase name="testCastAndChangeVote()" classname="no.brg.hvl.dat250.lab02.Lab02ApplicationTests" time="0.009"/>
  <testcase name="testGetUserByUsername()" classname="no.brg.hvl.dat250.lab02.Lab02ApplicationTests" time="0.003"/>
  <testcase name="testCreatePoll()" classname="no.brg.hvl.dat250.lab02.Lab02ApplicationTests" time="0.003"/>
  <testcase name="testCreateUser()" classname="no.brg.hvl.dat250.lab02.Lab02ApplicationTests" time="0.004"/>
  <testcase name="testCastVote()" classname="no.brg.hvl.dat250.lab02.Lab02ApplicationTests" time="0.005"/>
  <testcase name="testDeletePoll()" classname="no.brg.hvl.dat250.lab02.Lab02ApplicationTests" time="0.006"/>
  <testcase name="testGetPollById()" classname="no.brg.hvl.dat250.lab02.Lab02ApplicationTests" time="0.004"/>
  <system-out><![CDATA[15:22:59.020 [Test worker] INFO org.springframework.test.context.support.AnnotationConfigContextLoaderUtils -- Could not detect default configuration classes for test class [no.brg.hvl.dat250.lab02.Lab02ApplicationTests]: Lab02ApplicationTests does not declare any static, non-private, non-final, nested classes annotated with @Configuration.
15:22:59.309 [Test worker] INFO org.springframework.boot.test.context.SpringBootTestContextBootstrapper -- Found @SpringBootConfiguration no.brg.hvl.dat250.lab02.Lab02Application for test class no.brg.hvl.dat250.lab02.Lab02ApplicationTests

  .   ____          _            __ _ _
 /\\ / ___'_ __ _ _(_)_ __  __ _ \ \ \ \
( ( )\___ | '_ | '_| | '_ \/ _` | \ \ \ \
 \\/  ___)| |_)| | | | | || (_| |  ) ) ) )
  '  |____| .__|_| |_|_| |_\__, | / / / /
 =========|_|==============|___/=/_/_/_/

 :: Spring Boot ::                (v3.3.3)

2024-09-15T15:23:00.534+02:00  INFO 43865 --- [lab01] [    Test worker] n.b.h.d.lab02.Lab02ApplicationTests      : Starting Lab02ApplicationTests using Java 21.0.4 with PID 43865 (started by vojtechlunak in /Users/vojtechlunak/Projects/hvl/dat250/lab02)
2024-09-15T15:23:00.536+02:00  INFO 43865 --- [lab01] [    Test worker] n.b.h.d.lab02.Lab02ApplicationTests      : No active profile set, falling back to 1 default profile: "default"
2024-09-15T15:23:03.491+02:00  INFO 43865 --- [lab01] [    Test worker] o.s.b.a.w.s.WelcomePageHandlerMapping    : Adding welcome page: class path resource [static/index.html]
2024-09-15T15:23:04.127+02:00  INFO 43865 --- [lab01] [    Test worker] n.b.h.d.lab02.Lab02ApplicationTests      : Started Lab02ApplicationTests in 4.228 seconds (process running for 7.34)
]]></system-out>
  <system-err><![CDATA[WARNING: A Java agent has been loaded dynamically (/Users/vojtechlunak/.gradle/caches/modules-2/files-2.1/net.bytebuddy/byte-buddy-agent/1.14.19/154da3a65b4f4a909d3e5bdec55d1b2b4cbb6ce1/byte-buddy-agent-1.14.19.jar)
WARNING: If a serviceability tool is in use, please run with -XX:+EnableDynamicAgentLoading to hide this warning
WARNING: If a serviceability tool is not in use, please run with -Djdk.instrument.traceUsage for more information
WARNING: Dynamic loading of agents will be disallowed by default in a future release
]]></system-err>
</testsuite>
