<?xml version="1.0" encoding="UTF-8"?>
<testsuite name="no.brg.hvl.dat250.lab02.Lab02ApplicationTests" tests="1" skipped="0" failures="0" errors="0" timestamp="2024-08-30T19:03:59" hostname="Vojtech-MacBook-Pro-3.local" time="1.332">
  <properties/>
  <testcase name="contextLoads()" classname="no.brg.hvl.dat250.lab02.Lab02ApplicationTests" time="1.332"/>
  <system-out><![CDATA[21:03:56.328 [Test worker] INFO org.springframework.test.context.support.AnnotationConfigContextLoaderUtils -- Could not detect default configuration classes for test class [no.brg.hvl.dat250.lab02.Lab02ApplicationTests]: Lab02ApplicationTests does not declare any static, non-private, non-final, nested classes annotated with @Configuration.
21:03:56.546 [Test worker] INFO org.springframework.boot.test.context.SpringBootTestContextBootstrapper -- Found @SpringBootConfiguration no.brg.hvl.dat250.lab02.Lab02Application for test class no.brg.hvl.dat250.lab02.Lab02ApplicationTests

  .   ____          _            __ _ _
 /\\ / ___'_ __ _ _(_)_ __  __ _ \ \ \ \
( ( )\___ | '_ | '_| | '_ \/ _` | \ \ \ \
 \\/  ___)| |_)| | | | | || (_| |  ) ) ) )
  '  |____| .__|_| |_|_| |_\__, | / / / /
 =========|_|==============|___/=/_/_/_/

 :: Spring Boot ::                (v3.3.3)

2024-08-30T21:03:57.601+02:00  INFO 49843 --- [lab01] [    Test worker] n.b.h.d.lab02.Lab02ApplicationTests      : Starting Lab02ApplicationTests using Java 21.0.4 with PID 49843 (started by vojtechlunak in /Users/vojtechlunak/Projects/hvl/dat250/lab02)
2024-08-30T21:03:57.607+02:00  INFO 49843 --- [lab01] [    Test worker] n.b.h.d.lab02.Lab02ApplicationTests      : No active profile set, falling back to 1 default profile: "default"
2024-08-30T21:03:59.551+02:00  INFO 49843 --- [lab01] [    Test worker] n.b.h.d.lab02.Lab02ApplicationTests      : Started Lab02ApplicationTests in 2.683 seconds (process running for 5.186)
]]></system-out>
  <system-err><![CDATA[WARNING: A Java agent has been loaded dynamically (/Users/vojtechlunak/.gradle/caches/modules-2/files-2.1/net.bytebuddy/byte-buddy-agent/1.14.19/154da3a65b4f4a909d3e5bdec55d1b2b4cbb6ce1/byte-buddy-agent-1.14.19.jar)
WARNING: If a serviceability tool is in use, please run with -XX:+EnableDynamicAgentLoading to hide this warning
WARNING: If a serviceability tool is not in use, please run with -Djdk.instrument.traceUsage for more information
WARNING: Dynamic loading of agents will be disallowed by default in a future release
]]></system-err>
</testsuite>
